This is pdfTeX, Version 3.14159265-2.6-1.40.20 (TeX Live 2019/Debian) (preloaded format=latex 2022.3.28)  20 APR 2022 14:57
entering extended mode
 restricted \write18 enabled.
 %&-line parsing enabled.
**media/Tex/cb83880496e9fdfc.tex
(./media/Tex/cb83880496e9fdfc.tex
LaTeX2e <2020-02-02> patch level 2
L3 programming layer <2020-02-14>

! LaTeX Error: File `standalone.cls' not found.

Type X to quit or <RETURN> to proceed,
or enter new name. (Default extension: cls)

Enter file name: 
! Emergency stop.
<read *> 
         
l.2 ^^M
        
Here is how much of TeX's memory you used:
 23 strings out of 483132
 548 string characters out of 5964827
 231781 words of memory out of 5000000
 15147 multiletter control sequences out of 15000+600000
 532338 words of font info for 24 fonts, out of 8000000 for 9000
 36 hyphenation exceptions out of 8191
 14i,0n,17p,97b,10s stack positions out of 5000i,500n,10000p,200000b,80000s

No pages of output.
